Running the GPE model.
Running with 10 biclusters.
Number of MCMC iterations is 0
Number of MCMC iterations is 400
Number of MCMC iterations is 800
Number of MCMC iterations is 1200
Number of MCMC iterations is 1600
AIC.GPE.K10.txt= -49391.358419166674
DIC Conditional.GPE.K10.txt= -56813.56647606134
LambdaEstimate.GPE.K10.txt= 3.7287165387636096
End of the MCMC algorithm
Running the GPE model.
Running with 10 biclusters.
Number of MCMC iterations is 0
Number of MCMC iterations is 400
Number of MCMC iterations is 800
Number of MCMC iterations is 1200
Number of MCMC iterations is 1600
AIC.GPE.K10.txt= 176376.196336804
DIC Conditional.GPE.K10.txt= 167137.43952323997
LambdaEstimate.GPE.K10.txt= 0.004864999336641545
End of the MCMC algorithm
Running the GPE model.
Running with 10 biclusters.
Number of MCMC iterations is 0
Number of MCMC iterations is 400
Number of MCMC iterations is 800
Number of MCMC iterations is 1200
Number of MCMC iterations is 1600
AIC.GPE.K10.txt= 176376.196336804
DIC Conditional.GPE.K10.txt= 167137.43952323997
LambdaEstimate.GPE.K10.txt= 0.004864999336641545
End of the MCMC algorithm
Running the GPE model.
Running with 10 biclusters.
Number of MCMC iterations is 0
Running the GPE model.
Running with 10 biclusters.
Number of MCMC iterations is 0
Number of MCMC iterations is 400
Number of MCMC iterations is 800
Number of MCMC iterations is 1200
Number of MCMC iterations is 1600
AIC.GPE.K10.txt= 176376.196336804
DIC Conditional.GPE.K10.txt= 167137.43952323997
LambdaEstimate.GPE.K10.txt= 0.004864999336641545
End of the MCMC algorithm
Running the GPE model.
Running with 10 biclusters.
Number of MCMC iterations is 0
Number of MCMC iterations is 400
Number of MCMC iterations is 800
Number of MCMC iterations is 1200
Number of MCMC iterations is 1600
AIC.GPE.K10.txt= 176376.196336804
DIC Conditional.GPE.K10.txt= 167137.43952323997
LambdaEstimate.GPE.K10.txt= 0.004864999336641545
End of the MCMC algorithm
Running the GPE model.
Running with 10 biclusters.
Number of MCMC iterations is 0
Running the GPE model.
Running with 10 biclusters.
Number of MCMC iterations is 0
Number of MCMC iterations is 400
Number of MCMC iterations is 800
Number of MCMC iterations is 1200
Number of MCMC iterations is 1600
AIC.GPE.K10.txt= 176376.196336804
DIC Conditional.GPE.K10.txt= 167137.43952323997
LambdaEstimate.GPE.K10.txt= 0.004864999336641545
End of the MCMC algorithm
Running the GPE model.
Running with 10 biclusters.
Number of MCMC iterations is 0
Number of MCMC iterations is 400
Number of MCMC iterations is 800
Number of MCMC iterations is 1200
Number of MCMC iterations is 1600
AIC.GPE.K10.txt= 298954.69351646333
DIC Conditional.GPE.K10.txt= 277476.79713504715
LambdaEstimate.GPE.K10.txt= 0.014369351703994176
End of the MCMC algorithm
Running the GPE model.
Running with 10 biclusters.
Number of MCMC iterations is 0
Number of MCMC iterations is 400
Number of MCMC iterations is 800
Number of MCMC iterations is 1200
Number of MCMC iterations is 1600
AIC.GPE.K10.txt= 89105.14712345833
DIC Conditional.GPE.K10.txt= 82978.90035243977
LambdaEstimate.GPE.K10.txt= 0.014070190099796017
End of the MCMC algorithm
Running the GPE model.
Running with 10 biclusters.
Number of MCMC iterations is 0
Number of MCMC iterations is 400
Number of MCMC iterations is 800
Number of MCMC iterations is 1200
Number of MCMC iterations is 1600
AIC.GPE.K10.txt= 295118.8866546176
DIC Conditional.GPE.K10.txt= 273778.60319720034
LambdaEstimate.GPE.K10.txt= 0.005849465681994763
End of the MCMC algorithm
Running the GPE model.
Running with 10 biclusters.
Number of MCMC iterations is 0
Number of MCMC iterations is 400
Number of MCMC iterations is 800
Number of MCMC iterations is 1200
Number of MCMC iterations is 1600
AIC.GPE.K10.txt= 182068.68556042868
DIC Conditional.GPE.K10.txt= 172271.5276264685
LambdaEstimate.GPE.K10.txt= 0.06831153557315582
End of the MCMC algorithm
Running the GPE model.
Running with 10 biclusters.
Number of MCMC iterations is 0
Number of MCMC iterations is 400
Number of MCMC iterations is 800
Number of MCMC iterations is 1200
Running the GPE model.
Running with 10 biclusters.
Number of MCMC iterations is 0
Number of MCMC iterations is 400
Number of MCMC iterations is 800
Number of MCMC iterations is 1200
Number of MCMC iterations is 1600
AIC.GPE.K10.txt= 300558.50075983175
DIC Conditional.GPE.K10.txt= 278946.37336028763
LambdaEstimate.GPE.K10.txt= 0.007914686884614755
End of the MCMC algorithm
Running the GPE model.
Running with 10 biclusters.
Number of MCMC iterations is 0
Number of MCMC iterations is 400
Number of MCMC iterations is 800
Number of MCMC iterations is 1200
Number of MCMC iterations is 1600
AIC.GPE.K10.txt= 300558.50075983175
DIC Conditional.GPE.K10.txt= 278946.37336028763
LambdaEstimate.GPE.K10.txt= 0.007914686884614755
End of the MCMC algorithm
Running the GPE model.
Running with 10 biclusters.
Number of MCMC iterations is 0
Number of MCMC iterations is 400
Number of MCMC iterations is 800
Number of MCMC iterations is 1200
Number of MCMC iterations is 1600
AIC.GPE.K10.txt= 301297.94645539095
DIC Conditional.GPE.K10.txt= 279610.7395034772
LambdaEstimate.GPE.K10.txt= 0.005247926550191436
End of the MCMC algorithm
Running the GPE model.
Running with 10 biclusters.
Number of MCMC iterations is 0
Number of MCMC iterations is 400
Number of MCMC iterations is 800
Number of MCMC iterations is 1200
Number of MCMC iterations is 1600
AIC.GPE.K10.txt= 301183.64844457136
DIC Conditional.GPE.K10.txt= 279657.5057459507
LambdaEstimate.GPE.K10.txt= 0.0078036667860627955
End of the MCMC algorithm
Running the GPE model.
Running with 10 biclusters.
Number of MCMC iterations is 0
Number of MCMC iterations is 400
Number of MCMC iterations is 800
Number of MCMC iterations is 1200
Number of MCMC iterations is 1600
AIC.GPE.K10.txt= 298954.69351646333
DIC Conditional.GPE.K10.txt= 277476.79713504715
LambdaEstimate.GPE.K10.txt= 0.014369351703994176
End of the MCMC algorithm
Running the GPE model.
Running with 10 biclusters.
Number of MCMC iterations is 0
Number of MCMC iterations is 400
Number of MCMC iterations is 800
Number of MCMC iterations is 1200
Number of MCMC iterations is 1600
AIC.GPE.K10.txt= 298853.5238495986
DIC Conditional.GPE.K10.txt= 277238.37464254827
LambdaEstimate.GPE.K10.txt= 0.004308070169542208
End of the MCMC algorithm
Running the GPE model.
Running with 10 biclusters.
Number of MCMC iterations is 0
Number of MCMC iterations is 400
Number of MCMC iterations is 800
Number of MCMC iterations is 1200
Number of MCMC iterations is 1600
AIC.GPE.K10.txt= 298371.5193219384
DIC Conditional.GPE.K10.txt= 276917.16376252274
LambdaEstimate.GPE.K10.txt= 0.004277655700185287
End of the MCMC algorithm
Running the GPE model.
Running with 10 biclusters.
Number of MCMC iterations is 0
Number of MCMC iterations is 400
Number of MCMC iterations is 800
Number of MCMC iterations is 1200
Number of MCMC iterations is 1600
AIC.GPE.K10.txt= 295118.8866546176
DIC Conditional.GPE.K10.txt= 273778.60319720034
LambdaEstimate.GPE.K10.txt= 0.005849465681994763
End of the MCMC algorithm
Running the GPE model.
Running with 10 biclusters.
Number of MCMC iterations is 0
Number of MCMC iterations is 400
Number of MCMC iterations is 800
Number of MCMC iterations is 1200
Number of MCMC iterations is 1600
AIC.GPE.K10.txt= 296769.48899491027
DIC Conditional.GPE.K10.txt= 275364.74725183216
LambdaEstimate.GPE.K10.txt= 0.0035448118260354806
End of the MCMC algorithm
Running the GPE model.
Running with 10 biclusters.
Number of MCMC iterations is 0
Number of MCMC iterations is 400
Number of MCMC iterations is 800
Number of MCMC iterations is 1200
Number of MCMC iterations is 1600
AIC.GPE.K10.txt= 90140.31384386291
DIC Conditional.GPE.K10.txt= 83560.35354954959
LambdaEstimate.GPE.K10.txt= 0.10919389688645197
End of the MCMC algorithm
Running the GPE model.
Running with 10 biclusters.
Number of MCMC iterations is 0
Number of MCMC iterations is 400
Number of MCMC iterations is 800
Number of MCMC iterations is 1200
Number of MCMC iterations is 1600
AIC.GPE.K10.txt= 89348.43360386539
DIC Conditional.GPE.K10.txt= 83344.8480834316
LambdaEstimate.GPE.K10.txt= 0.015414079755585737
End of the MCMC algorithm
Running the GPE model.
Running with 10 biclusters.
Number of MCMC iterations is 0
Number of MCMC iterations is 400
Number of MCMC iterations is 800
Number of MCMC iterations is 1200
Number of MCMC iterations is 1600
AIC.GPE.K10.txt= 89105.14712345833
DIC Conditional.GPE.K10.txt= 82978.90035243977
LambdaEstimate.GPE.K10.txt= 0.014070190099796017
End of the MCMC algorithm
Running the GPE model.
Running with 10 biclusters.
Number of MCMC iterations is 0
Number of MCMC iterations is 400
Number of MCMC iterations is 800
Number of MCMC iterations is 1200
Number of MCMC iterations is 1600
AIC.GPE.K10.txt= 89707.84951372519
DIC Conditional.GPE.K10.txt= 83036.67407365954
LambdaEstimate.GPE.K10.txt= 0.012907962593328857
End of the MCMC algorithm
Running the GPE model.
Running with 10 biclusters.
Number of MCMC iterations is 0
Number of MCMC iterations is 400
Number of MCMC iterations is 800
Number of MCMC iterations is 1200
Number of MCMC iterations is 1600
AIC.GPE.K10.txt= 89464.59691420864
DIC Conditional.GPE.K10.txt= 82933.1951874179
LambdaEstimate.GPE.K10.txt= 0.01453423354660662
End of the MCMC algorithm
Running the GPE model.
Running with 10 biclusters.
Number of MCMC iterations is 0
Number of MCMC iterations is 400
Number of MCMC iterations is 800
Number of MCMC iterations is 1200
Number of MCMC iterations is 1600
AIC.GPE.K10.txt= 89215.23861839209
DIC Conditional.GPE.K10.txt= 83132.77305294105
LambdaEstimate.GPE.K10.txt= 0.014491673708318808
End of the MCMC algorithm
Running the GPE model.
Running with 10 biclusters.
Number of MCMC iterations is 0
Number of MCMC iterations is 400
Number of MCMC iterations is 800
Number of MCMC iterations is 1200
Number of MCMC iterations is 1600
AIC.GPE.K10.txt= 89877.91284382701
DIC Conditional.GPE.K10.txt= 83594.58711096733
LambdaEstimate.GPE.K10.txt= 0.032274472187843205
End of the MCMC algorithm
Running the GPE model.
Running with 10 biclusters.
Number of MCMC iterations is 0
Number of MCMC iterations is 400
Number of MCMC iterations is 800
Number of MCMC iterations is 1200
Number of MCMC iterations is 1600
AIC.GPE.K10.txt= 89576.06828002329
DIC Conditional.GPE.K10.txt= 83086.04301308129
LambdaEstimate.GPE.K10.txt= 0.019171768009957003
End of the MCMC algorithm
Running the GPE model.
Running with 10 biclusters.
Number of MCMC iterations is 0
Number of MCMC iterations is 400
Number of MCMC iterations is 800
Number of MCMC iterations is 1200
Number of MCMC iterations is 1600
AIC.GPE.K10.txt= 89283.02066564042
DIC Conditional.GPE.K10.txt= 83107.60265199846
LambdaEstimate.GPE.K10.txt= 0.01290343697955692
End of the MCMC algorithm
Running the GPE model.
Running with 10 biclusters.
Number of MCMC iterations is 0
Number of MCMC iterations is 400
Number of MCMC iterations is 800
Number of MCMC iterations is 1200
Number of MCMC iterations is 1600
AIC.GPE.K10.txt= 89697.84849605474
DIC Conditional.GPE.K10.txt= 83245.46003244509
LambdaEstimate.GPE.K10.txt= 0.0211195301318132
End of the MCMC algorithm
Running the GPE model.
Running with 10 biclusters.
Number of MCMC iterations is 0
Number of MCMC iterations is 400
Number of MCMC iterations is 800
Number of MCMC iterations is 1200
Number of MCMC iterations is 1600
AIC.GPE.K10.txt= 90136.85106305618
DIC Conditional.GPE.K10.txt= 83450.31966902864
LambdaEstimate.GPE.K10.txt= 0.06031522641627252
End of the MCMC algorithm
Running the GPE model.
Running with 10 biclusters.
Number of MCMC iterations is 0
Number of MCMC iterations is 400
Number of MCMC iterations is 800
Number of MCMC iterations is 1200
Number of MCMC iterations is 1600
AIC.GPE.K10.txt= 89677.6714642806
DIC Conditional.GPE.K10.txt= 83366.35559160178
LambdaEstimate.GPE.K10.txt= 0.02087863969036588
End of the MCMC algorithm
Running the GPE model.
Running with 10 biclusters.
Number of MCMC iterations is 0
Number of MCMC iterations is 400
Number of MCMC iterations is 800
Number of MCMC iterations is 1200
Number of MCMC iterations is 1600
AIC.GPE.K10.txt= 89676.04441984263
DIC Conditional.GPE.K10.txt= 83277.19204770692
LambdaEstimate.GPE.K10.txt= 0.016930772628589642
End of the MCMC algorithm
Running the GPE model.
Running with 10 biclusters.
Number of MCMC iterations is 0
Number of MCMC iterations is 400
Number of MCMC iterations is 800
Number of MCMC iterations is 1200
Number of MCMC iterations is 1600
AIC.GPE.K10.txt= 89334.56616214791
DIC Conditional.GPE.K10.txt= 82977.84922278786
LambdaEstimate.GPE.K10.txt= 0.017148996354410296
End of the MCMC algorithm
Running the GPE model.
Running with 10 biclusters.
Number of MCMC iterations is 0
Number of MCMC iterations is 400
Number of MCMC iterations is 800
Number of MCMC iterations is 1200
Number of MCMC iterations is 1600
AIC.GPE.K10.txt= 89860.19127529583
DIC Conditional.GPE.K10.txt= 83448.25128952748
LambdaEstimate.GPE.K10.txt= 0.040892983493939807
End of the MCMC algorithm
Running the GPE model.
Running with 10 biclusters.
Number of MCMC iterations is 0
Number of MCMC iterations is 400
Number of MCMC iterations is 800
Number of MCMC iterations is 1200
Number of MCMC iterations is 1600
AIC.GPE.K10.txt= 90078.81402906931
DIC Conditional.GPE.K10.txt= 83392.74232465374
LambdaEstimate.GPE.K10.txt= 0.038515995477858465
End of the MCMC algorithm
Running the GPE model.
Running with 10 biclusters.
Number of MCMC iterations is 0
Number of MCMC iterations is 400
Number of MCMC iterations is 800
Number of MCMC iterations is 1200
Number of MCMC iterations is 1600
AIC.GPE.K10.txt= 89408.38571728289
DIC Conditional.GPE.K10.txt= 83008.72267836679
LambdaEstimate.GPE.K10.txt= 0.01983581766713366
End of the MCMC algorithm
Running the GPE model.
Running with 10 biclusters.
Number of MCMC iterations is 0
Number of MCMC iterations is 400
Number of MCMC iterations is 800
Number of MCMC iterations is 1200
Number of MCMC iterations is 1600
AIC.GPE.K10.txt= 89476.25124703643
DIC Conditional.GPE.K10.txt= 83146.8453630916
LambdaEstimate.GPE.K10.txt= 0.035748732190370634
End of the MCMC algorithm
Running the GPE model.
Running with 10 biclusters.
Number of MCMC iterations is 0
Number of MCMC iterations is 400
Number of MCMC iterations is 800
Number of MCMC iterations is 1200
Number of MCMC iterations is 1600
AIC.GPE.K10.txt= 89498.4664910603
DIC Conditional.GPE.K10.txt= 83322.93804960877
LambdaEstimate.GPE.K10.txt= 0.017432875783024875
End of the MCMC algorithm
Running the GPE model.
Running with 10 biclusters.
Number of MCMC iterations is 0
Number of MCMC iterations is 400
Number of MCMC iterations is 800
Number of MCMC iterations is 1200
Number of MCMC iterations is 1600
AIC.GPE.K10.txt= 293934.7963352622
DIC Conditional.GPE.K10.txt= 272540.12603575963
LambdaEstimate.GPE.K10.txt= 0.0027173947735317596
End of the MCMC algorithm
Running the GPE model.
Running with 10 biclusters.
Number of MCMC iterations is 0
Number of MCMC iterations is 400
Number of MCMC iterations is 800
Number of MCMC iterations is 1200
Number of MCMC iterations is 1600
AIC.GPE.K10.txt= 90064.93307051649
DIC Conditional.GPE.K10.txt= 83418.21185005586
LambdaEstimate.GPE.K10.txt= 0.01938415419773626
End of the MCMC algorithm
Running the GPE model.
Running with 10 biclusters.
Number of MCMC iterations is 0
Number of MCMC iterations is 400
Number of MCMC iterations is 800
Number of MCMC iterations is 1200
Number of MCMC iterations is 1600
AIC.GPE.K10.txt= 45537.19822056987
DIC Conditional.GPE.K10.txt= 40985.09308684817
LambdaEstimate.GPE.K10.txt= 0.019910329626017714
End of the MCMC algorithm
Running the GPE model.
Running with 10 biclusters.
Number of MCMC iterations is 0
Number of MCMC iterations is 400
Number of MCMC iterations is 800
Number of MCMC iterations is 1200
Number of MCMC iterations is 1600
AIC.GPE.K10.txt= 89152.01200231139
DIC Conditional.GPE.K10.txt= 82746.87063101045
LambdaEstimate.GPE.K10.txt= 0.009366791253849881
End of the MCMC algorithm
Running the GPE model.
Running with 10 biclusters.
Number of MCMC iterations is 0
Number of MCMC iterations is 400
Number of MCMC iterations is 800
Number of MCMC iterations is 1200
Number of MCMC iterations is 1600
AIC.GPE.K10.txt= 176982.3060612328
DIC Conditional.GPE.K10.txt= 167473.2955302235
LambdaEstimate.GPE.K10.txt= 0.014575138438965303
End of the MCMC algorithm
Running the GPE model.
Running with 10 biclusters.
Number of MCMC iterations is 0
Number of MCMC iterations is 400
Number of MCMC iterations is 800
Number of MCMC iterations is 1200
Number of MCMC iterations is 1600
AIC.GPE.K10.txt= 176913.595922494
DIC Conditional.GPE.K10.txt= 167123.01761442193
LambdaEstimate.GPE.K10.txt= 0.006061004666541873
End of the MCMC algorithm
Running the GPE model.
Running with 10 biclusters.
Number of MCMC iterations is 0
Number of MCMC iterations is 400
Number of MCMC iterations is 800
Number of MCMC iterations is 1200
Number of MCMC iterations is 1600
AIC.GPE.K10.txt= 183741.5240148433
DIC Conditional.GPE.K10.txt= 173999.45695869272
LambdaEstimate.GPE.K10.txt= 0.0889048257210895
End of the MCMC algorithm
Running the GPE model.
Running with 10 biclusters.
Number of MCMC iterations is 0
Number of MCMC iterations is 400
Number of MCMC iterations is 800
Number of MCMC iterations is 1200
Number of MCMC iterations is 1600
AIC.GPE.K10.txt= 45249.31283620556
DIC Conditional.GPE.K10.txt= 40731.6833703938
LambdaEstimate.GPE.K10.txt= 0.014751728049452672
End of the MCMC algorithm
Running the GPE model.
Running with 10 biclusters.
Number of MCMC iterations is 0
Number of MCMC iterations is 400
Number of MCMC iterations is 800
Number of MCMC iterations is 1200
Number of MCMC iterations is 1600
AIC.GPE.K10.txt= 45318.222773711255
DIC Conditional.GPE.K10.txt= 41017.455260993345
LambdaEstimate.GPE.K10.txt= 0.013524168561589514
End of the MCMC algorithm
Running the GPE model.
Running with 10 biclusters.
Number of MCMC iterations is 0
Number of MCMC iterations is 400
Number of MCMC iterations is 800
Number of MCMC iterations is 1200
Number of MCMC iterations is 1600
AIC.GPE.K10.txt= 45334.3627741718
DIC Conditional.GPE.K10.txt= 40777.29715523973
LambdaEstimate.GPE.K10.txt= 0.010856032299270837
End of the MCMC algorithm
Running the GPE model.
Running with 10 biclusters.
Number of MCMC iterations is 0
Number of MCMC iterations is 400
Number of MCMC iterations is 800
Number of MCMC iterations is 1200
Number of MCMC iterations is 1600
AIC.GPE.K10.txt= 45484.1609932035
DIC Conditional.GPE.K10.txt= 40940.54848610665
LambdaEstimate.GPE.K10.txt= 0.018075004827322213
End of the MCMC algorithm
Running the GPE model.
Running with 10 biclusters.
Number of MCMC iterations is 0
Number of MCMC iterations is 400
Number of MCMC iterations is 800
Number of MCMC iterations is 1200
Number of MCMC iterations is 1600
AIC.GPE.K10.txt= 45788.8252737016
DIC Conditional.GPE.K10.txt= 41278.34478738433
LambdaEstimate.GPE.K10.txt= 0.023929907260751268
End of the MCMC algorithm
Running the GPE model.
Running with 10 biclusters.
Number of MCMC iterations is 0
Number of MCMC iterations is 400
Number of MCMC iterations is 800
Number of MCMC iterations is 1200
Number of MCMC iterations is 1600
AIC.GPE.K10.txt= 45501.37520315014
DIC Conditional.GPE.K10.txt= 41206.076800094925
LambdaEstimate.GPE.K10.txt= 0.021583905312321624
End of the MCMC algorithm
Running the GPE model.
Running with 10 biclusters.
Number of MCMC iterations is 0
Number of MCMC iterations is 400
Number of MCMC iterations is 800
Number of MCMC iterations is 1200
Number of MCMC iterations is 1600
AIC.GPE.K10.txt= 45647.74764555092
DIC Conditional.GPE.K10.txt= 41101.704630324646
LambdaEstimate.GPE.K10.txt= 0.036264061307191335
End of the MCMC algorithm
Running the GPE model.
Running with 10 biclusters.
Number of MCMC iterations is 0
Number of MCMC iterations is 400
Number of MCMC iterations is 800
Number of MCMC iterations is 1200
Number of MCMC iterations is 1600
AIC.GPE.K10.txt= 46194.82598922811
DIC Conditional.GPE.K10.txt= 41684.21312760738
LambdaEstimate.GPE.K10.txt= 0.029515399128720955
End of the MCMC algorithm
Running the GPE model.
Running with 10 biclusters.
Number of MCMC iterations is 0
Number of MCMC iterations is 400
Number of MCMC iterations is 800
Number of MCMC iterations is 1200
Number of MCMC iterations is 1600
AIC.GPE.K10.txt= 45463.550274380796
DIC Conditional.GPE.K10.txt= 40910.608675353134
LambdaEstimate.GPE.K10.txt= 0.02796947817986986
End of the MCMC algorithm
Running the GPE model.
Running with 10 biclusters.
Number of MCMC iterations is 0
Number of MCMC iterations is 400
Number of MCMC iterations is 800
Number of MCMC iterations is 1200
Number of MCMC iterations is 1600
AIC.GPE.K10.txt= 48433.43124354259
DIC Conditional.GPE.K10.txt= 43630.10083988849
LambdaEstimate.GPE.K10.txt= 0.02532874393874548
End of the MCMC algorithm
Running the GPE model.
Running with 10 biclusters.
Number of MCMC iterations is 0
Number of MCMC iterations is 400
Number of MCMC iterations is 800
Number of MCMC iterations is 1200
Number of MCMC iterations is 1600
AIC.GPE.K10.txt= 47771.3135993139
DIC Conditional.GPE.K10.txt= 42948.65127602058
LambdaEstimate.GPE.K10.txt= 0.07172351902257926
End of the MCMC algorithm
Running the GPE model.
Running with 10 biclusters.
Number of MCMC iterations is 0
Number of MCMC iterations is 400
Number of MCMC iterations is 800
Number of MCMC iterations is 1200
Number of MCMC iterations is 1600
AIC.GPE.K10.txt= 47462.41699607463
DIC Conditional.GPE.K10.txt= 42641.01548646844
LambdaEstimate.GPE.K10.txt= 0.031752903407507325
End of the MCMC algorithm
Running the GPE model.
Running with 10 biclusters.
Number of MCMC iterations is 0
Number of MCMC iterations is 400
Number of MCMC iterations is 800
Number of MCMC iterations is 1200
Number of MCMC iterations is 1600
AIC.GPE.K10.txt= 47795.76418208877
DIC Conditional.GPE.K10.txt= 42978.183672814936
LambdaEstimate.GPE.K10.txt= 0.05522370042822926
End of the MCMC algorithm
Running the GPE model.
Running with 10 biclusters.
Number of MCMC iterations is 0
Number of MCMC iterations is 400
Number of MCMC iterations is 800
Number of MCMC iterations is 1200
Number of MCMC iterations is 1600
AIC.GPE.K10.txt= 47877.186460222634
DIC Conditional.GPE.K10.txt= 43040.50793750813
LambdaEstimate.GPE.K10.txt= 0.07750376587044758
End of the MCMC algorithm
Running the GPE model.
Running with 10 biclusters.
Number of MCMC iterations is 0
Number of MCMC iterations is 400
Number of MCMC iterations is 800
Number of MCMC iterations is 1200
Number of MCMC iterations is 1600
AIC.GPE.K10.txt= 45804.62733751961
DIC Conditional.GPE.K10.txt= 41227.004209958606
LambdaEstimate.GPE.K10.txt= 0.027358501183940693
End of the MCMC algorithm
Running the GPE model.
Running with 10 biclusters.
Number of MCMC iterations is 0
Number of MCMC iterations is 400
Number of MCMC iterations is 800
Number of MCMC iterations is 1200
Number of MCMC iterations is 1600
AIC.GPE.K10.txt= 45954.77888634469
DIC Conditional.GPE.K10.txt= 41301.9068764602
LambdaEstimate.GPE.K10.txt= 0.026628144219303908
End of the MCMC algorithm
Running the GPE model.
Running with 10 biclusters.
Number of MCMC iterations is 0
Number of MCMC iterations is 400
Number of MCMC iterations is 800
Number of MCMC iterations is 1200
Number of MCMC iterations is 1600
AIC.GPE.K10.txt= 46007.74890065496
DIC Conditional.GPE.K10.txt= 41496.24223999483
LambdaEstimate.GPE.K10.txt= 0.025729786519411893
End of the MCMC algorithm
Running the GPE model.
Running with 10 biclusters.
Number of MCMC iterations is 0
Number of MCMC iterations is 400
Number of MCMC iterations is 800
Number of MCMC iterations is 1200
Number of MCMC iterations is 1600
AIC.GPE.K10.txt= 45741.95511304148
DIC Conditional.GPE.K10.txt= 41340.99599831592
LambdaEstimate.GPE.K10.txt= 0.016057466460583977
End of the MCMC algorithm
Running the GPE model.
Running with 10 biclusters.
Number of MCMC iterations is 0
Number of MCMC iterations is 400
Number of MCMC iterations is 800
Number of MCMC iterations is 1200
Number of MCMC iterations is 1600
AIC.GPE.K10.txt= 46367.49628503607
DIC Conditional.GPE.K10.txt= 41914.68330370511
LambdaEstimate.GPE.K10.txt= 0.012421843785017159
End of the MCMC algorithm
Running the GPE model.
Running with 10 biclusters.
Number of MCMC iterations is 0
Number of MCMC iterations is 400
Number of MCMC iterations is 800
Number of MCMC iterations is 1200
Number of MCMC iterations is 1600
AIC.GPE.K10.txt= 46436.72024718057
DIC Conditional.GPE.K10.txt= 41939.68397312643
LambdaEstimate.GPE.K10.txt= 0.05194370490678381
End of the MCMC algorithm
Running the GPE model.
Running with 10 biclusters.
Number of MCMC iterations is 0
Number of MCMC iterations is 400
Number of MCMC iterations is 800
Number of MCMC iterations is 1200
Number of MCMC iterations is 1600
AIC.GPE.K10.txt= 46933.98455743077
DIC Conditional.GPE.K10.txt= 42188.261046481945
LambdaEstimate.GPE.K10.txt= 0.0711690747263154
End of the MCMC algorithm
Running the GPE model.
Running with 10 biclusters.
Number of MCMC iterations is 0
Number of MCMC iterations is 400
Number of MCMC iterations is 800
Number of MCMC iterations is 1200
Number of MCMC iterations is 1600
AIC.GPE.K10.txt= 46974.303027596994
DIC Conditional.GPE.K10.txt= 42243.7174036421
LambdaEstimate.GPE.K10.txt= 0.041518561774483514
End of the MCMC algorithm
Running the GPE model.
Running with 10 biclusters.
Number of MCMC iterations is 0
Number of MCMC iterations is 400
Number of MCMC iterations is 800
Number of MCMC iterations is 1200
Number of MCMC iterations is 1600
AIC.GPE.K10.txt= 47462.73520446868
DIC Conditional.GPE.K10.txt= 42620.14488226915
LambdaEstimate.GPE.K10.txt= 0.07895503370019553
End of the MCMC algorithm
Running the GPE model.
Running with 10 biclusters.
Number of MCMC iterations is 0
Number of MCMC iterations is 400
Number of MCMC iterations is 800
Number of MCMC iterations is 1200
Number of MCMC iterations is 1600
AIC.GPE.K10.txt= 47109.50569121189
DIC Conditional.GPE.K10.txt= 42298.640256349885
LambdaEstimate.GPE.K10.txt= 0.06357120942008461
End of the MCMC algorithm
Running the GPE model.
Running with 10 biclusters.
Number of MCMC iterations is 0
Number of MCMC iterations is 400
Number of MCMC iterations is 800
Number of MCMC iterations is 1200
Number of MCMC iterations is 1600
AIC.GPE.K10.txt= 45817.07212165698
DIC Conditional.GPE.K10.txt= 41160.307586308554
LambdaEstimate.GPE.K10.txt= 0.037499060984886444
End of the MCMC algorithm
Running the GPE model.
Running with 10 biclusters.
Number of MCMC iterations is 0
Number of MCMC iterations is 400
Number of MCMC iterations is 800
Number of MCMC iterations is 1200
Number of MCMC iterations is 1600
AIC.GPE.K10.txt= 46643.3529096171
DIC Conditional.GPE.K10.txt= 42063.49044262807
LambdaEstimate.GPE.K10.txt= 1.5755851317916938
End of the MCMC algorithm
Running the GPE model.
Running with 10 biclusters.
Number of MCMC iterations is 0
Number of MCMC iterations is 400
Number of MCMC iterations is 800
Number of MCMC iterations is 1200
Number of MCMC iterations is 1600
AIC.GPE.K10.txt= 45954.020010533146
DIC Conditional.GPE.K10.txt= 41426.55671931279
LambdaEstimate.GPE.K10.txt= 0.04440375392027754
End of the MCMC algorithm
Running the GPE model.
Running with 10 biclusters.
Number of MCMC iterations is 0
Number of MCMC iterations is 400
Number of MCMC iterations is 800
Number of MCMC iterations is 1200
Number of MCMC iterations is 1600
AIC.GPE.K10.txt= 46327.950869967135
DIC Conditional.GPE.K10.txt= 41714.63001130374
LambdaEstimate.GPE.K10.txt= 0.05080965481501895
End of the MCMC algorithm
Running the GPE model.
Running with 10 biclusters.
Number of MCMC iterations is 0
Number of MCMC iterations is 400
Number of MCMC iterations is 800
Number of MCMC iterations is 1200
Number of MCMC iterations is 1600
AIC.GPE.K10.txt= 46188.83991080373
DIC Conditional.GPE.K10.txt= 41442.167205173006
LambdaEstimate.GPE.K10.txt= 0.05233201712845804
End of the MCMC algorithm
Running the GPE model.
Running with 10 biclusters.
Number of MCMC iterations is 0
Number of MCMC iterations is 400
Number of MCMC iterations is 800
Number of MCMC iterations is 1200
Number of MCMC iterations is 1600
AIC.GPE.K10.txt= 88512.65253571804
DIC Conditional.GPE.K10.txt= 82195.59210064787
LambdaEstimate.GPE.K10.txt= 0.006779934140631332
End of the MCMC algorithm
Running the GPE model.
Running with 10 biclusters.
Number of MCMC iterations is 0
Number of MCMC iterations is 400
Number of MCMC iterations is 800
Number of MCMC iterations is 1200
Number of MCMC iterations is 1600
AIC.GPE.K10.txt= 88935.54803765274
DIC Conditional.GPE.K10.txt= 83394.33752489876
LambdaEstimate.GPE.K10.txt= 0.011802955597226907
End of the MCMC algorithm
Running the GPE model.
Running with 10 biclusters.
Number of MCMC iterations is 0
Number of MCMC iterations is 400
Number of MCMC iterations is 800
Number of MCMC iterations is 1200
Number of MCMC iterations is 1600
AIC.GPE.K10.txt= 89667.32699756091
DIC Conditional.GPE.K10.txt= 83061.55430488025
LambdaEstimate.GPE.K10.txt= 0.01209500649280634
End of the MCMC algorithm
Running the GPE model.
Running with 10 biclusters.
Number of MCMC iterations is 0
Number of MCMC iterations is 400
Number of MCMC iterations is 800
Number of MCMC iterations is 1200
Number of MCMC iterations is 1600
AIC.GPE.K10.txt= 88969.36532472771
DIC Conditional.GPE.K10.txt= 82661.98866658201
LambdaEstimate.GPE.K10.txt= 0.011212643681466143
End of the MCMC algorithm
Running the GPE model.
Running with 10 biclusters.
Number of MCMC iterations is 0
Number of MCMC iterations is 400
Number of MCMC iterations is 800
Number of MCMC iterations is 1200
Number of MCMC iterations is 1600
AIC.GPE.K10.txt= 89566.22606566944
DIC Conditional.GPE.K10.txt= 83284.5989316741
LambdaEstimate.GPE.K10.txt= 0.02647922605877425
End of the MCMC algorithm
Running the GPE model.
Running with 10 biclusters.
Number of MCMC iterations is 0
Number of MCMC iterations is 400
Number of MCMC iterations is 800
Number of MCMC iterations is 1200
Number of MCMC iterations is 1600
AIC.GPE.K10.txt= 89359.28568520548
DIC Conditional.GPE.K10.txt= 82868.1113710596
LambdaEstimate.GPE.K10.txt= 0.01484674301353956
End of the MCMC algorithm
Running the GPE model.
Running with 10 biclusters.
Number of MCMC iterations is 0
Number of MCMC iterations is 400
Number of MCMC iterations is 800
Number of MCMC iterations is 1200
Number of MCMC iterations is 1600
AIC.GPE.K10.txt= 89851.7030306713
DIC Conditional.GPE.K10.txt= 83284.85128241277
LambdaEstimate.GPE.K10.txt= 0.011213251045746659
End of the MCMC algorithm
Running the GPE model.
Running with 10 biclusters.
Number of MCMC iterations is 0
Number of MCMC iterations is 400
Number of MCMC iterations is 800
Number of MCMC iterations is 1200
Number of MCMC iterations is 1600
AIC.GPE.K10.txt= 89472.46714956358
DIC Conditional.GPE.K10.txt= 82989.16042513707
LambdaEstimate.GPE.K10.txt= 0.009454314106900459
End of the MCMC algorithm
Running the GPE model.
Running with 10 biclusters.
Number of MCMC iterations is 0
Number of MCMC iterations is 400
Number of MCMC iterations is 800
Number of MCMC iterations is 1200
Number of MCMC iterations is 1600
AIC.GPE.K10.txt= 89520.71351930354
DIC Conditional.GPE.K10.txt= 83149.37690041437
LambdaEstimate.GPE.K10.txt= 0.013217535410870129
End of the MCMC algorithm
Running the GPE model.
Running with 10 biclusters.
Number of MCMC iterations is 0
Number of MCMC iterations is 400
Number of MCMC iterations is 800
Number of MCMC iterations is 1200
Number of MCMC iterations is 1600
AIC.GPE.K10.txt= 94398.11174836558
DIC Conditional.GPE.K10.txt= 87649.6001264009
LambdaEstimate.GPE.K10.txt= 0.03587117317271125
End of the MCMC algorithm
Running the GPE model.
Running with 10 biclusters.
Number of MCMC iterations is 0
Number of MCMC iterations is 400
Number of MCMC iterations is 800
Number of MCMC iterations is 1200
Number of MCMC iterations is 1600
AIC.GPE.K10.txt= 95106.35597594766
DIC Conditional.GPE.K10.txt= 88318.73017147869
LambdaEstimate.GPE.K10.txt= 0.04086486899939811
End of the MCMC algorithm
Running the GPE model.
Running with 10 biclusters.
Number of MCMC iterations is 0
Number of MCMC iterations is 400
Number of MCMC iterations is 800
Number of MCMC iterations is 1200
Number of MCMC iterations is 1600
AIC.GPE.K10.txt= 94765.87950977602
DIC Conditional.GPE.K10.txt= 88011.24190541996
LambdaEstimate.GPE.K10.txt= 0.10747846464095884
End of the MCMC algorithm
Running the GPE model.
Running with 10 biclusters.
Number of MCMC iterations is 0
Number of MCMC iterations is 400
Number of MCMC iterations is 800
Number of MCMC iterations is 1200
Number of MCMC iterations is 1600
AIC.GPE.K10.txt= 95567.19070906148
DIC Conditional.GPE.K10.txt= 88816.85991998095
LambdaEstimate.GPE.K10.txt= 0.1623495094004664
End of the MCMC algorithm
Running the GPE model.
Running with 10 biclusters.
Number of MCMC iterations is 0
Number of MCMC iterations is 400
Number of MCMC iterations is 800
Number of MCMC iterations is 1200
Number of MCMC iterations is 1600
AIC.GPE.K10.txt= 95741.77112262529
DIC Conditional.GPE.K10.txt= 88958.50780297414
LambdaEstimate.GPE.K10.txt= 0.08275385029565775
End of the MCMC algorithm
Running the GPE model.
Running with 10 biclusters.
Number of MCMC iterations is 0
Number of MCMC iterations is 400
Number of MCMC iterations is 800
Number of MCMC iterations is 1200
Number of MCMC iterations is 1600
AIC.GPE.K10.txt= 89661.57052853596
DIC Conditional.GPE.K10.txt= 83398.95604197733
LambdaEstimate.GPE.K10.txt= 0.01691491947100337
End of the MCMC algorithm
Running the GPE model.
Running with 10 biclusters.
Number of MCMC iterations is 0
Number of MCMC iterations is 400
Number of MCMC iterations is 800
Number of MCMC iterations is 1200
Number of MCMC iterations is 1600
AIC.GPE.K10.txt= 89515.45410485557
DIC Conditional.GPE.K10.txt= 83299.15123266706
LambdaEstimate.GPE.K10.txt= 0.014380469601833456
End of the MCMC algorithm
Running the GPE model.
Running with 10 biclusters.
Number of MCMC iterations is 0
Number of MCMC iterations is 400
Number of MCMC iterations is 800
Number of MCMC iterations is 1200
Number of MCMC iterations is 1600
AIC.GPE.K10.txt= 90037.43752946539
DIC Conditional.GPE.K10.txt= 83672.43535959677
LambdaEstimate.GPE.K10.txt= 0.009522048594139035
End of the MCMC algorithm
Running the GPE model.
Running with 10 biclusters.
Number of MCMC iterations is 0
Number of MCMC iterations is 400
Number of MCMC iterations is 800
Number of MCMC iterations is 1200
Number of MCMC iterations is 1600
AIC.GPE.K10.txt= 90197.51325483441
DIC Conditional.GPE.K10.txt= 83597.65897539534
LambdaEstimate.GPE.K10.txt= 0.01026976005807698
End of the MCMC algorithm
Running the GPE model.
Running with 10 biclusters.
Number of MCMC iterations is 0
Number of MCMC iterations is 400
Number of MCMC iterations is 800
Number of MCMC iterations is 1200
Number of MCMC iterations is 1600
AIC.GPE.K10.txt= 89809.14645125964
DIC Conditional.GPE.K10.txt= 83377.58055504429
LambdaEstimate.GPE.K10.txt= 0.008399207559619646
End of the MCMC algorithm
Running the GPE model.
Running with 10 biclusters.
Number of MCMC iterations is 0
Number of MCMC iterations is 400
Number of MCMC iterations is 800
Number of MCMC iterations is 1200
Number of MCMC iterations is 1600
AIC.GPE.K10.txt= 92617.73631985088
DIC Conditional.GPE.K10.txt= 85753.20659615817
LambdaEstimate.GPE.K10.txt= 0.03774689916257482
End of the MCMC algorithm
Running the GPE model.
Running with 10 biclusters.
Number of MCMC iterations is 0
Number of MCMC iterations is 400
Number of MCMC iterations is 800
Number of MCMC iterations is 1200
Number of MCMC iterations is 1600
AIC.GPE.K10.txt= 92994.11636191624
DIC Conditional.GPE.K10.txt= 86197.31806248045
LambdaEstimate.GPE.K10.txt= 0.03880265439133011
End of the MCMC algorithm
Running the GPE model.
Running with 10 biclusters.
Number of MCMC iterations is 0
Number of MCMC iterations is 400
Number of MCMC iterations is 800
Number of MCMC iterations is 1200
Number of MCMC iterations is 1600
AIC.GPE.K10.txt= 92567.61021456428
DIC Conditional.GPE.K10.txt= 85818.8667837476
LambdaEstimate.GPE.K10.txt= 0.18215981612910828
End of the MCMC algorithm
Running the GPE model.
Running with 10 biclusters.
Number of MCMC iterations is 0
Number of MCMC iterations is 400
Number of MCMC iterations is 800
Number of MCMC iterations is 1200
Number of MCMC iterations is 1600
AIC.GPE.K10.txt= 92791.75330372626
DIC Conditional.GPE.K10.txt= 86223.16949525657
LambdaEstimate.GPE.K10.txt= 0.04079172468859454
End of the MCMC algorithm
Running the GPE model.
Running with 10 biclusters.
Number of MCMC iterations is 0
Number of MCMC iterations is 400
Number of MCMC iterations is 800
Number of MCMC iterations is 1200
Number of MCMC iterations is 1600
AIC.GPE.K10.txt= 92518.50754601225
DIC Conditional.GPE.K10.txt= 85783.01326131122
LambdaEstimate.GPE.K10.txt= 0.03627516733988373
End of the MCMC algorithm
Running the GPE model.
Running with 10 biclusters.
Number of MCMC iterations is 0
Number of MCMC iterations is 400
Number of MCMC iterations is 800
Number of MCMC iterations is 1200
Number of MCMC iterations is 1600
AIC.GPE.K10.txt= 90535.90460028508
DIC Conditional.GPE.K10.txt= 83740.79693457096
LambdaEstimate.GPE.K10.txt= 4.239337425946034
End of the MCMC algorithm
Running the GPE model.
Running with 10 biclusters.
Number of MCMC iterations is 0
Number of MCMC iterations is 400
Number of MCMC iterations is 800
Number of MCMC iterations is 1200
Number of MCMC iterations is 1600
AIC.GPE.K10.txt= 90699.40594454689
DIC Conditional.GPE.K10.txt= 83925.60351515508
LambdaEstimate.GPE.K10.txt= 4.029612621682048
End of the MCMC algorithm
Running the GPE model.
Running with 10 biclusters.
Number of MCMC iterations is 0
Number of MCMC iterations is 400
Number of MCMC iterations is 800
Number of MCMC iterations is 1200
Number of MCMC iterations is 1600
AIC.GPE.K10.txt= 90428.75491671135
DIC Conditional.GPE.K10.txt= 83676.5640746786
LambdaEstimate.GPE.K10.txt= 4.172178512186962
End of the MCMC algorithm
Running the GPE model.
Running with 10 biclusters.
Number of MCMC iterations is 0
Number of MCMC iterations is 400
Number of MCMC iterations is 800
Number of MCMC iterations is 1200
Number of MCMC iterations is 1600
AIC.GPE.K10.txt= 90357.94058047356
DIC Conditional.GPE.K10.txt= 83738.19739331621
LambdaEstimate.GPE.K10.txt= 3.9189155456106137
End of the MCMC algorithm
Running the GPE model.
Running with 10 biclusters.
Number of MCMC iterations is 0
Number of MCMC iterations is 400
Number of MCMC iterations is 800
Number of MCMC iterations is 1200
Number of MCMC iterations is 1600
AIC.GPE.K10.txt= 90492.20001848492
DIC Conditional.GPE.K10.txt= 83735.97510420611
LambdaEstimate.GPE.K10.txt= 3.993501511280844
End of the MCMC algorithm
Running the GPE model.
Running with 10 biclusters.
Number of MCMC iterations is 0
Number of MCMC iterations is 400
Number of MCMC iterations is 800
Number of MCMC iterations is 1200
Number of MCMC iterations is 1600
AIC.GPE.K10.txt= 175681.24638029284
DIC Conditional.GPE.K10.txt= 166227.52845835354
LambdaEstimate.GPE.K10.txt= 0.005319784881748763
End of the MCMC algorithm
Running the GPE model.
Running with 10 biclusters.
Number of MCMC iterations is 0
Number of MCMC iterations is 400
Number of MCMC iterations is 800
Number of MCMC iterations is 1200
Number of MCMC iterations is 1600
AIC.GPE.K10.txt= 176452.2012120929
DIC Conditional.GPE.K10.txt= 166861.22075216827
LambdaEstimate.GPE.K10.txt= 0.013657092526253812
End of the MCMC algorithm
Running the GPE model.
Running with 10 biclusters.
Number of MCMC iterations is 0
Number of MCMC iterations is 400
Number of MCMC iterations is 800
Number of MCMC iterations is 1200
Number of MCMC iterations is 1600
AIC.GPE.K10.txt= 176218.63649615302
DIC Conditional.GPE.K10.txt= 167243.1859263623
LambdaEstimate.GPE.K10.txt= 0.025624075528841998
End of the MCMC algorithm
Running the GPE model.
Running with 10 biclusters.
Number of MCMC iterations is 0
Number of MCMC iterations is 400
Number of MCMC iterations is 800
Number of MCMC iterations is 1200
Number of MCMC iterations is 1600
AIC.GPE.K10.txt= 175229.7507863359
DIC Conditional.GPE.K10.txt= 165967.27869735204
LambdaEstimate.GPE.K10.txt= 0.008961285393290786
End of the MCMC algorithm
Running the GPE model.
Running with 10 biclusters.
Number of MCMC iterations is 0
Number of MCMC iterations is 400
Number of MCMC iterations is 800
Number of MCMC iterations is 1200
Number of MCMC iterations is 1600
AIC.GPE.K10.txt= 176562.45757050422
DIC Conditional.GPE.K10.txt= 167245.80596888915
LambdaEstimate.GPE.K10.txt= 0.008540603520477244
End of the MCMC algorithm
Running the GPE model.
Running with 10 biclusters.
Number of MCMC iterations is 0
Number of MCMC iterations is 400
Number of MCMC iterations is 800
Number of MCMC iterations is 1200
Number of MCMC iterations is 1600
AIC.GPE.K10.txt= 175820.2583535711
DIC Conditional.GPE.K10.txt= 166448.47174920543
LambdaEstimate.GPE.K10.txt= 0.011152925998959317
End of the MCMC algorithm
Running the GPE model.
Running with 10 biclusters.
Number of MCMC iterations is 0
Number of MCMC iterations is 400
Number of MCMC iterations is 800
Number of MCMC iterations is 1200
Number of MCMC iterations is 1600
AIC.GPE.K10.txt= 175998.6425235604
DIC Conditional.GPE.K10.txt= 166215.12249833072
LambdaEstimate.GPE.K10.txt= 0.011543177667010043
End of the MCMC algorithm
Running the GPE model.
Running with 10 biclusters.
Number of MCMC iterations is 0
Number of MCMC iterations is 400
Number of MCMC iterations is 800
Number of MCMC iterations is 1200
Number of MCMC iterations is 1600
AIC.GPE.K10.txt= 177331.3933765604
DIC Conditional.GPE.K10.txt= 168001.38934629288
LambdaEstimate.GPE.K10.txt= 0.016331446195756695
End of the MCMC algorithm
Running the GPE model.
Running with 10 biclusters.
Number of MCMC iterations is 0
Number of MCMC iterations is 400
Number of MCMC iterations is 800
Number of MCMC iterations is 1200
Number of MCMC iterations is 1600
AIC.GPE.K10.txt= 177002.03380735032
DIC Conditional.GPE.K10.txt= 167404.7094398276
LambdaEstimate.GPE.K10.txt= 0.006531077728454112
End of the MCMC algorithm
Running the GPE model.
Running with 10 biclusters.
Number of MCMC iterations is 0
Number of MCMC iterations is 400
Number of MCMC iterations is 800
Number of MCMC iterations is 1200
Number of MCMC iterations is 1600
AIC.GPE.K10.txt= 192947.09139943292
DIC Conditional.GPE.K10.txt= 183183.68836318582
LambdaEstimate.GPE.K10.txt= 0.08241021829410033
End of the MCMC algorithm
Running the GPE model.
Running with 10 biclusters.
Number of MCMC iterations is 0
Number of MCMC iterations is 400
Number of MCMC iterations is 800
Number of MCMC iterations is 1200
Number of MCMC iterations is 1600
AIC.GPE.K10.txt= 189145.15600426184
DIC Conditional.GPE.K10.txt= 179493.42852321704
LambdaEstimate.GPE.K10.txt= 0.014023613243435524
End of the MCMC algorithm
Running the GPE model.
Running with 10 biclusters.
Number of MCMC iterations is 0
Number of MCMC iterations is 400
Number of MCMC iterations is 800
Number of MCMC iterations is 1200
Number of MCMC iterations is 1600
AIC.GPE.K10.txt= 193247.9724061957
DIC Conditional.GPE.K10.txt= 183421.4548941884
LambdaEstimate.GPE.K10.txt= 0.049348640503649094
End of the MCMC algorithm
Running the GPE model.
Running with 10 biclusters.
Number of MCMC iterations is 0
Number of MCMC iterations is 400
Number of MCMC iterations is 800
Number of MCMC iterations is 1200
Number of MCMC iterations is 1600
AIC.GPE.K10.txt= 203442.98883969244
DIC Conditional.GPE.K10.txt= 193763.91954378493
LambdaEstimate.GPE.K10.txt= 0.11595883441224493
End of the MCMC algorithm
Running the GPE model.
Running with 10 biclusters.
Number of MCMC iterations is 0
Number of MCMC iterations is 400
Number of MCMC iterations is 800
Number of MCMC iterations is 1200
Number of MCMC iterations is 1600
AIC.GPE.K10.txt= 193169.91156839544
DIC Conditional.GPE.K10.txt= 183458.88042696536
LambdaEstimate.GPE.K10.txt= 0.05569184260870201
End of the MCMC algorithm
Running the GPE model.
Running with 10 biclusters.
Number of MCMC iterations is 0
Number of MCMC iterations is 400
Number of MCMC iterations is 800
Number of MCMC iterations is 1200
Number of MCMC iterations is 1600
AIC.GPE.K10.txt= 177295.1933589967
DIC Conditional.GPE.K10.txt= 167830.43140826433
LambdaEstimate.GPE.K10.txt= 0.006106575384426673
End of the MCMC algorithm
Running the GPE model.
Running with 10 biclusters.
Number of MCMC iterations is 0
Number of MCMC iterations is 400
Number of MCMC iterations is 800
Number of MCMC iterations is 1200
Number of MCMC iterations is 1600
AIC.GPE.K10.txt= 176488.91877013704
DIC Conditional.GPE.K10.txt= 166971.24994666417
LambdaEstimate.GPE.K10.txt= 0.0067436830274946674
End of the MCMC algorithm
Running the GPE model.
Running with 10 biclusters.
Number of MCMC iterations is 0
Number of MCMC iterations is 400
Number of MCMC iterations is 800
Number of MCMC iterations is 1200
Number of MCMC iterations is 1600
AIC.GPE.K10.txt= 177295.62609995622
DIC Conditional.GPE.K10.txt= 167821.7994089819
LambdaEstimate.GPE.K10.txt= 0.004845300553380481
End of the MCMC algorithm
Running the GPE model.
Running with 10 biclusters.
Number of MCMC iterations is 0
Number of MCMC iterations is 400
Number of MCMC iterations is 800
Number of MCMC iterations is 1200
Number of MCMC iterations is 1600
AIC.GPE.K10.txt= 176376.196336804
DIC Conditional.GPE.K10.txt= 167137.43952323997
LambdaEstimate.GPE.K10.txt= 0.004864999336641545
End of the MCMC algorithm
Running the GPE model.
Running with 10 biclusters.
Number of MCMC iterations is 0
Number of MCMC iterations is 400
Number of MCMC iterations is 800
Number of MCMC iterations is 1200
Number of MCMC iterations is 1600
AIC.GPE.K10.txt= 182068.68556042868
DIC Conditional.GPE.K10.txt= 172271.5276264685
LambdaEstimate.GPE.K10.txt= 0.06831153557315582
End of the MCMC algorithm
Running the GPE model.
Running with 10 biclusters.
Number of MCMC iterations is 0
Number of MCMC iterations is 400
Number of MCMC iterations is 800
Number of MCMC iterations is 1200
Number of MCMC iterations is 1600
AIC.GPE.K10.txt= 183224.92584074015
DIC Conditional.GPE.K10.txt= 173522.66816135636
LambdaEstimate.GPE.K10.txt= 0.047171120655424725
End of the MCMC algorithm
Running the GPE model.
Running with 10 biclusters.
Number of MCMC iterations is 0
Number of MCMC iterations is 400
Number of MCMC iterations is 800
Number of MCMC iterations is 1200
Number of MCMC iterations is 1600
AIC.GPE.K10.txt= 183607.5062038434
DIC Conditional.GPE.K10.txt= 173894.59580062836
LambdaEstimate.GPE.K10.txt= 0.04374691177706985
End of the MCMC algorithm
Running the GPE model.
Running with 10 biclusters.
Number of MCMC iterations is 0
Number of MCMC iterations is 400
Number of MCMC iterations is 800
Number of MCMC iterations is 1200
Number of MCMC iterations is 1600
AIC.GPE.K10.txt= 183447.67038222193
DIC Conditional.GPE.K10.txt= 173663.5578164652
LambdaEstimate.GPE.K10.txt= 0.09533905535276625
End of the MCMC algorithm
Running the GPE model.
Running with 10 biclusters.
Number of MCMC iterations is 0
Number of MCMC iterations is 400
Number of MCMC iterations is 800
Number of MCMC iterations is 1200
Number of MCMC iterations is 1600
AIC.GPE.K10.txt= 178622.949166333
DIC Conditional.GPE.K10.txt= 168868.4406978005
LambdaEstimate.GPE.K10.txt= 4.7059246890315025
End of the MCMC algorithm
Running the GPE model.
Running with 10 biclusters.
Number of MCMC iterations is 0
Number of MCMC iterations is 400
Number of MCMC iterations is 800
Number of MCMC iterations is 1200
Number of MCMC iterations is 1600
AIC.GPE.K10.txt= 178789.7618688259
DIC Conditional.GPE.K10.txt= 169095.15695670803
LambdaEstimate.GPE.K10.txt= 4.034986805131399
End of the MCMC algorithm
Running the GPE model.
Running with 10 biclusters.
Number of MCMC iterations is 0
Number of MCMC iterations is 400
Number of MCMC iterations is 800
Number of MCMC iterations is 1200
Number of MCMC iterations is 1600
AIC.GPE.K10.txt= 177226.40660538664
DIC Conditional.GPE.K10.txt= 167436.27935357485
LambdaEstimate.GPE.K10.txt= 4.2436940703393935
End of the MCMC algorithm
Running the GPE model.
Running with 10 biclusters.
Number of MCMC iterations is 0
Number of MCMC iterations is 400
Number of MCMC iterations is 800
Number of MCMC iterations is 1200
Number of MCMC iterations is 1600
AIC.GPE.K10.txt= 180013.29981592478
DIC Conditional.GPE.K10.txt= 170215.29318965418
LambdaEstimate.GPE.K10.txt= 0.04343467011576427
End of the MCMC algorithm
Running the GPE model.
Running with 10 biclusters.
Number of MCMC iterations is 0
Number of MCMC iterations is 400
Number of MCMC iterations is 800
Number of MCMC iterations is 1200
Number of MCMC iterations is 1600
AIC.GPE.K10.txt= 178422.68188761483
DIC Conditional.GPE.K10.txt= 168608.1375104007
LambdaEstimate.GPE.K10.txt= 4.121813383717289
End of the MCMC algorithm
