4 17
12 0 11 2 1 13 3 6 19 4 43 97 116 24 8 5 10 14 15 17 18 9 7 16

4 8 17
12 0 11 2 1 13 3 6 19 4 43 41 8 5 10 14 15 17 18 9 7 16

62 63 65 66 69 70 73
68 76 73 77 75 74 63 69 72 67 137 102 71 65 66 60 78 70 64 61 79

60 62 65 66 67 71 73 77 78
68 76 73 77 75 74 63 69 72 67 145 71 65 66 60 78 70 64 61 79

60 62 63 64 65 66 67 69 70 71 73 76 77 78
68 76 73 77 75 74 63 69 72 67 71 65 66 60 78 70 64 61 79

0 1 2 4 5 8 9 10 12 15 17 19 34 153 167
0 1 6 5 17 16

0 1 2 4 5 8 9 10 12 15 17 19 28 42 52 67 96 124 131 171 194
0 13 15 17 16

0 1 2 4 5 8 9 10 12 15 17 19 25 28 34 37 39 42 52 67 70 79 88 93 96 107 124 131 157 171 172 194 196
0 13 17 16

2 6 8 14 16 20 23 27 28 29 35 41 45 55 57 58 59 61 68 72 75 76 79 80 82 91 92 93 94 96 98 101 112 113 114 119 124 126 133 139 143 144 148 157 158 161 164 166 167 169 176 178 182 184 187 190 191 193 198 199
21 89 73

1 2 3 4 5 6 10 12 13 15 17 19 20 22 23 24 26 28 30 34 36 38 39 40 41 42 43 44 45 46 48 49 50 51 52 53 55 57 59 60 61 63 64 65 67 74 75 77 78 79 80 81 84 85 86 87 90 91 93 94 97 100 101 102 105 106 107 110 111 112 113 114 115 116 118 120 121 122 123 124 126 127 128 130 131 132 134 135 136 137 139 140 141 143 144 148 149 150 151 154 155 156 157 158 159 160 161 163 164 166 168 170 172 173 174 175 176 178 179 180 183 186 187 188 193 194 195
147 14

